Vivado Simulator v2021.1
Copyright 1986-1999, 2001-2021 Xilinx, Inc. All Rights Reserved.
Running: C:/Xilinx/Vivado/2021.1/bin/unwrapped/win64.o/xelab.exe -wto b2a81a7b435d44278b84530df75b51f7 --incr --debug typical --relax --mt 2 -L xil_defaultlib -L secureip --snapshot rgb_selector_tb_behav xil_defaultlib.rgb_selector_tb -log elaborate.log 
Using 2 slave threads.
Starting static elaboration
Completed static elaboration
Starting simulation data flow analysis
Completed simulation data flow analysis
Time Resolution for simulation is 1ps
Compiling package std.standard
Compiling package std.textio
Compiling package ieee.std_logic_1164
Compiling package ieee.numeric_std
Compiling architecture behavioral of entity xil_defaultlib.clock_divider [\clock_divider(output_f=1000000....]
Compiling architecture behavioral of entity xil_defaultlib.counter [\counter(max=1999)\]
Compiling architecture behavioral of entity xil_defaultlib.counter [\counter(max=500)\]
Compiling architecture behavioral of entity xil_defaultlib.button_pulser [\button_pulser(long_press_delay=...]
Compiling architecture behavioral of entity xil_defaultlib.rgb_selector [\rgb_selector(operating_f=100000...]
Compiling architecture behavioral of entity xil_defaultlib.rgb_selector_tb
Built simulation snapshot rgb_selector_tb_behav
