#-----------------------------------------------------------
# Vivado v2021.1 (64-bit)
# SW Build 3247384 on Thu Jun 10 19:36:33 MDT 2021
# IP Build 3246043 on Fri Jun 11 00:30:35 MDT 2021
# Start of session at: Mon Nov  8 10:03:58 2021
# Process ID: 3572
# Current directory: C:/Users/Veronica/Desktop/vhdl/project_4
# Command line: vivado.exe -gui_launcher_event rodinguilauncherevent12236 C:\Users\Veronica\Desktop\vhdl\project_4\project_4.xpr
# Log file: C:/Users/Veronica/Desktop/vhdl/project_4/vivado.log
# Journal file: C:/Users/Veronica/Desktop/vhdl/project_4\vivado.jou
#-----------------------------------------------------------
start_gui
open_project C:/Users/Veronica/Desktop/vhdl/project_4/project_4.xpr
WARNING: [filemgmt 56-3] Default IP Output Path : Could not find the directory 'C:/Users/Veronica/Desktop/vhdl/project_4/project_4.gen/sources_1'.
Scanning sources...
Finished scanning sources
INFO: [IP_Flow 19-234] Refreshing IP repositories
INFO: [IP_Flow 19-1704] No user IP repositories specified
INFO: [IP_Flow 19-2313] Loaded Vivado IP repository 'C:/Xilinx/Vivado/2021.1/data/ip'.
open_project: Time (s): cpu = 00:00:25 ; elapsed = 00:00:10 . Memory (MB): peak = 1439.145 ; gain = 0.000
update_compile_order -fileset sources_1
update_compile_order -fileset sources_1
